     A*%%***********************************************************************
     A*%%TS  RD  20000322  174615  ITVICTOR    REL-V3R7M0  5716-PW1
     A*%%FI+10660100000000000000000000000000000000000000000000000000
     A*%%FI       0000000000000000000000000000000000000000000000000
     A*%%***********************************************************************
     A          R HDR1
     A*%%***********************************************************************
     A*%%RI 00000
     A*%%***********************************************************************
     A                                      SKIPB(001)
     A                                     1
     A                                      'CUSTRPG4'
     A                                    32
     A                                      'List of Customers'
     A                                   +23
     A                                      DATE
     A                                      EDTCDE(Y)
     A                                     1
     A                                      'Customer Name'
     A                                      SPACEB(002)
     A                                   +21
     A                                      'Cust No'
     A                                     1
     A                                      '------------------------------'
     A                                      SPACEB(001)
     A                                    +4
     A                                      '-------'
     A*%%***********************************************************************
     A*%%SS
     A*%%CL 002
     A*%%CL 001
     A*%%***********************************************************************
     A          R DTL1
     A*%%***********************************************************************
     A*%%RI 00000
     A*%%***********************************************************************
     A                                      SPACEB(001)
     A            CNAME     R        O     1
     A                                      REFFLD(CUSTPR/CNAME KIBVICTOR/CUSTP-
     A                                      F)
     A            CUSTNO    R        O    +4
     A                                      REFFLD(CUSTPR/CUSTNO *LIBL/CUSTPF)
     A*%%***********************************************************************
     A*%%SS
     A*%%CP+999CRTPRTF
     A*%%CP+    FILE(KIBVICTOR/CUSTPRT4)
     A*%%CP+    DEVTYPE(*SCS)
     A*%%CP     PAGESIZE(*N       150      *N     )
     A*%%***********************************************************************
